<?xml version="1.0" encoding="UTF-8"?>
<!-- Generated by org.testng.reporters.JUnitReportReporter -->
<testsuite hostname="DESKTOP-VUAPF35" failures="0" tests="1" name="com.orgtest.FrameTest" time="23.419" errors="0" timestamp="2022-03-11T09:17:52 EST" skipped="0">
  <testcase classname="com.orgtest.FrameTest" name="boarder" time="23.419"/>
  <system-out/>
</testsuite> <!-- com.orgtest.FrameTest -->
