<?xml version="1.0" encoding="UTF-8"?>
<!-- Generated by org.testng.reporters.JUnitReportReporter -->
<testsuite skipped="0" hostname="DESKTOP-RUD9UKL" name="com.orgtest.AlertTest" tests="4" failures="0" timestamp="02 Mar 2022 01:34:36 GMT" time="45.382" errors="0">
  <testcase name="popup" time="12.357" classname="com.orgtest.AlertTest"/>
  <testcase name="popup" time="10.219" classname="com.orgtest.AlertTest"/>
  <testcase name="popup" time="12.067" classname="com.orgtest.AlertTest"/>
  <testcase name="popup" time="10.739" classname="com.orgtest.AlertTest"/>
</testsuite> <!-- com.orgtest.AlertTest -->
