<?xml version="1.0" encoding="UTF-8"?>
<!-- Generated by org.testng.reporters.JUnitReportReporter -->
<testsuite skipped="0" hostname="DESKTOP-RUD9UKL" name="com.orgtest.LoginHRMWorkingWithExcel" tests="3" failures="0" timestamp="10 Mar 2022 00:55:22 GMT" time="36.079" errors="0">
  <testcase name="ihgLogin" time="16.904" classname="com.orgtest.LoginHRMWorkingWithExcel"/>
  <testcase name="ihgLogin" time="9.666" classname="com.orgtest.LoginHRMWorkingWithExcel"/>
  <testcase name="ihgLogin" time="9.509" classname="com.orgtest.LoginHRMWorkingWithExcel"/>
</testsuite> <!-- com.orgtest.LoginHRMWorkingWithExcel -->
