<?xml version="1.0" encoding="UTF-8"?>
<!-- Generated by org.testng.reporters.JUnitReportReporter -->
<testsuite skipped="0" hostname="DESKTOP-RUD9UKL" name="com.orgtest.HRMTest" tests="2" failures="0" timestamp="02 Mar 2022 01:06:52 GMT" time="138.855" errors="0">
  <testcase name="orangeHRM" time="8.002" classname="com.orgtest.HRMTest"/>
  <testcase name="tth" time="130.853" classname="com.orgtest.HRMTest"/>
</testsuite> <!-- com.orgtest.HRMTest -->
