<?xml version="1.0" encoding="UTF-8"?>
<!-- Generated by org.testng.reporters.JUnitReportReporter -->
<testsuite hostname="DESKTOP-VUAPF35" failures="0" tests="4" name="com.orgtest.AlertTest" time="45.939" errors="0" timestamp="2022-03-11T09:17:52 EST" skipped="0">
  <testcase classname="com.orgtest.AlertTest" name="popup" time="7.037"/>
  <system-out/>
  <testcase classname="com.orgtest.AlertTest" name="popup" time="17.253"/>
  <system-out/>
  <testcase classname="com.orgtest.AlertTest" name="popup" time="14.483"/>
  <system-out/>
  <testcase classname="com.orgtest.AlertTest" name="popup" time="7.166"/>
  <system-out/>
</testsuite> <!-- com.orgtest.AlertTest -->
