<?xml version="1.0" encoding="UTF-8"?>
<!-- Generated by org.testng.reporters.JUnitReportReporter -->
<testsuite skipped="0" hostname="DESKTOP-RUD9UKL" name="com.orgtest.AlertTest" tests="4" failures="0" timestamp="03 Mar 2022 00:49:45 GMT" time="165.158" errors="0">
  <testcase name="popup" time="44.523" classname="com.orgtest.AlertTest"/>
  <testcase name="popup" time="38.849" classname="com.orgtest.AlertTest"/>
  <testcase name="popup" time="39.134" classname="com.orgtest.AlertTest"/>
  <testcase name="popup" time="42.652" classname="com.orgtest.AlertTest"/>
</testsuite> <!-- com.orgtest.AlertTest -->
