<?xml version="1.0" encoding="UTF-8"?>
<!-- Generated by org.testng.reporters.JUnitReportReporter -->
<testsuite skipped="0" hostname="DESKTOP-RUD9UKL" name="com.orgtest.PriorityAttributeTest" tests="3" failures="0" timestamp="02 Mar 2022 00:45:37 GMT" time="0.023" errors="0">
  <testcase name="grapes" time="0.015" classname="com.orgtest.PriorityAttributeTest"/>
  <testcase name="oranage" time="0.003" classname="com.orgtest.PriorityAttributeTest"/>
  <testcase name="banana" time="0.005" classname="com.orgtest.PriorityAttributeTest"/>
</testsuite> <!-- com.orgtest.PriorityAttributeTest -->
