<?xml version="1.0" encoding="UTF-8"?>
<!-- Generated by org.testng.reporters.JUnitReportReporter -->
<testsuite skipped="0" hostname="DESKTOP-RUD9UKL" name="com.orgtest.ExcelDataTest" tests="1" failures="0" timestamp="09 Mar 2022 01:27:52 GMT" time="0.972" errors="0">
  <testcase name="excel" time="0.972" classname="com.orgtest.ExcelDataTest"/>
</testsuite> <!-- com.orgtest.ExcelDataTest -->
