<?xml version="1.0" encoding="UTF-8"?>
<!-- Generated by org.testng.reporters.JUnitReportReporter -->
<testsuite skipped="0" hostname="DESKTOP-RUD9UKL" name="com.orgtest.LoginHRMTest" tests="1" failures="0" timestamp="08 Mar 2022 01:03:26 GMT" time="15.384" errors="0">
  <testcase name="login" time="15.384" classname="com.orgtest.LoginHRMTest"/>
</testsuite> <!-- com.orgtest.LoginHRMTest -->
