<?xml version="1.0" encoding="UTF-8"?>
<!-- Generated by org.testng.reporters.JUnitReportReporter -->
<testsuite skipped="0" hostname="DESKTOP-RUD9UKL" name="com.orgtest.ExampleTest" tests="2" failures="0" timestamp="03 Mar 2022 00:49:44 GMT" time="0.009" errors="0">
  <testcase name="nine" time="0.007" classname="com.orgtest.ExampleTest"/>
  <testcase name="ten" time="0.002" classname="com.orgtest.ExampleTest"/>
</testsuite> <!-- com.orgtest.ExampleTest -->
