<?xml version="1.0" encoding="UTF-8"?>
<!-- Generated by org.testng.reporters.JUnitReportReporter -->
<testsuite skipped="0" hostname="DESKTOP-RUD9UKL" name="com.orgtest.FacebookTest" tests="1" failures="0" timestamp="03 Mar 2022 01:05:36 GMT" time="5.796" errors="0">
  <testcase name="facebook" time="5.796" classname="com.orgtest.FacebookTest"/>
</testsuite> <!-- com.orgtest.FacebookTest -->
