<?xml version="1.0" encoding="UTF-8"?>
<!-- Generated by org.testng.reporters.JUnitReportReporter -->
<testsuite skipped="0" hostname="DESKTOP-RUD9UKL" name="com.orgtest.AutoTest" tests="1" failures="0" timestamp="03 Mar 2022 00:49:45 GMT" time="30.155" errors="0">
  <testcase name="hrm" time="30.155" classname="com.orgtest.AutoTest"/>
</testsuite> <!-- com.orgtest.AutoTest -->
