<?xml version="1.0" encoding="UTF-8"?>
<!-- Generated by org.testng.reporters.JUnitReportReporter -->
<testsuite hostname="DESKTOP-VUAPF35" failures="0" tests="2" name="com.orgtest.ExampleTest" time="0.021" errors="0" timestamp="2022-03-11T09:17:52 EST" skipped="0">
  <testcase classname="com.orgtest.ExampleTest" name="nine" time="0.007"/>
  <system-out/>
  <testcase classname="com.orgtest.ExampleTest" name="ten" time="0.014"/>
  <system-out/>
</testsuite> <!-- com.orgtest.ExampleTest -->
