<?xml version="1.0" encoding="UTF-8"?>
<!-- Generated by org.testng.reporters.JUnitReportReporter -->
<testsuite skipped="0" hostname="DESKTOP-RUD9UKL" name="com.orgtest.ValidHRMLoginTest" tests="1" failures="0" timestamp="08 Mar 2022 01:22:08 GMT" time="14.892" errors="0">
  <testcase name="login" time="14.892" classname="com.orgtest.ValidHRMLoginTest"/>
</testsuite> <!-- com.orgtest.ValidHRMLoginTest -->
