<?xml version="1.0" encoding="UTF-8"?>
<!-- Generated by org.testng.reporters.JUnitReportReporter -->
<testsuite skipped="0" hostname="DESKTOP-RUD9UKL" name="com.orgtest.FrameTest" tests="1" failures="0" timestamp="03 Mar 2022 00:49:45 GMT" time="89.240" errors="0">
  <testcase name="boarder" time="89.240" classname="com.orgtest.FrameTest"/>
</testsuite> <!-- com.orgtest.FrameTest -->
