<?xml version="1.0" encoding="UTF-8"?>
<!-- Generated by org.testng.reporters.JUnitReportReporter -->
<testsuite skipped="0" hostname="DESKTOP-RUD9UKL" name="com.orgtest.AutoTest" tests="1" failures="0" timestamp="02 Mar 2022 01:27:13 GMT" time="14.768" errors="0">
  <testcase name="hrm" time="14.768" classname="com.orgtest.AutoTest"/>
</testsuite> <!-- com.orgtest.AutoTest -->
