<?xml version="1.0" encoding="UTF-8"?>
<!-- Generated by org.testng.reporters.JUnitReportReporter -->
<testsuite skipped="0" hostname="DESKTOP-RUD9UKL" name="com.orgtest.FacebookTest" tests="1" failures="0" timestamp="04 Mar 2022 01:05:45 GMT" time="8.226" errors="0">
  <testcase name="facebook" time="8.226" classname="com.orgtest.FacebookTest"/>
</testsuite> <!-- com.orgtest.FacebookTest -->
