<?xml version="1.0" encoding="UTF-8"?>
<!-- Generated by org.testng.reporters.JUnitReportReporter -->
<testsuite skipped="0" hostname="DESKTOP-RUD9UKL" name="com.orgtest.DepenedsonmethodAttributeTest" tests="3" failures="0" timestamp="02 Mar 2022 00:52:47 GMT" time="0.039" errors="0">
  <testcase name="elephant" time="0.002" classname="com.orgtest.DepenedsonmethodAttributeTest"/>
  <testcase name="lion" time="0.023" classname="com.orgtest.DepenedsonmethodAttributeTest"/>
  <testcase name="tiger" time="0.014" classname="com.orgtest.DepenedsonmethodAttributeTest"/>
</testsuite> <!-- com.orgtest.DepenedsonmethodAttributeTest -->
