<?xml version="1.0" encoding="UTF-8"?>
<!-- Generated by org.testng.reporters.JUnitReportReporter -->
<testsuite skipped="0" hostname="DESKTOP-RUD9UKL" name="com.test.OrangeLogin" tests="1" failures="0" timestamp="05 Mar 2022 01:27:56 GMT" time="18.564" errors="0">
  <testcase name="loginPageHRM" time="18.564" classname="com.test.OrangeLogin"/>
</testsuite> <!-- com.test.OrangeLogin -->
