<?xml version="1.0" encoding="UTF-8"?>
<!-- Generated by org.testng.reporters.JUnitReportReporter -->
<testsuite skipped="0" hostname="DESKTOP-RUD9UKL" name="com.orgtest.AmazonTest" tests="1" failures="0" timestamp="03 Mar 2022 01:04:33 GMT" time="14.931" errors="0">
  <testcase name="amazon" time="14.931" classname="com.orgtest.AmazonTest"/>
</testsuite> <!-- com.orgtest.AmazonTest -->
