<?xml version="1.0" encoding="UTF-8"?>
<!-- Generated by org.testng.reporters.JUnitReportReporter -->
<testsuite skipped="0" hostname="DESKTOP-RUD9UKL" name="com.orgtest.IHGTest" tests="1" failures="0" timestamp="02 Mar 2022 01:06:52 GMT" time="132.717" errors="0">
  <testcase name="tth" time="132.717" classname="com.orgtest.IHGTest"/>
</testsuite> <!-- com.orgtest.IHGTest -->
