<?xml version="1.0" encoding="UTF-8"?>
<!-- Generated by org.testng.reporters.JUnitReportReporter -->
<testsuite hostname="DESKTOP-VUAPF35" failures="0" tests="1" name="com.orgtest.AutoTest" time="5.509" errors="0" timestamp="2022-03-11T09:17:52 EST" skipped="0">
  <testcase classname="com.orgtest.AutoTest" name="hrm" time="5.509"/>
  <system-out/>
</testsuite> <!-- com.orgtest.AutoTest -->
