<?xml version="1.0" encoding="UTF-8"?>
<!-- Generated by org.testng.reporters.JUnitReportReporter -->
<testsuite skipped="0" hostname="DESKTOP-RUD9UKL" name="com.orgtest.DemoqaTest" tests="1" failures="0" timestamp="03 Mar 2022 00:49:45 GMT" time="40.477" errors="0">
  <testcase name="demoQA" time="40.477" classname="com.orgtest.DemoqaTest"/>
</testsuite> <!-- com.orgtest.DemoqaTest -->
