<?xml version="1.0" encoding="UTF-8"?>
<!-- Generated by org.testng.reporters.JUnitReportReporter -->
<testsuite skipped="0" hostname="DESKTOP-RUD9UKL" name="com.orgtest.HRMTest" tests="2" failures="0" timestamp="03 Mar 2022 00:49:45 GMT" time="86.934" errors="0">
  <testcase name="orangeHRM" time="33.558" classname="com.orgtest.HRMTest"/>
  <testcase name="tth" time="53.376" classname="com.orgtest.HRMTest"/>
</testsuite> <!-- com.orgtest.HRMTest -->
