<?xml version="1.0" encoding="UTF-8"?>
<!-- Generated by org.testng.reporters.JUnitReportReporter -->
<testsuite skipped="0" hostname="DESKTOP-RUD9UKL" name="com.orgtest.MedplusTest" tests="1" failures="0" timestamp="03 Mar 2022 01:25:31 GMT" time="12.191" errors="0">
  <testcase name="medplus" time="12.191" classname="com.orgtest.MedplusTest"/>
</testsuite> <!-- com.orgtest.MedplusTest -->
