<?xml version="1.0" encoding="UTF-8"?>
<!-- Generated by org.testng.reporters.JUnitReportReporter -->
<testsuite skipped="0" hostname="DESKTOP-RUD9UKL" name="com.orgtest.AmazonTest" tests="1" failures="0" timestamp="02 Mar 2022 01:22:33 GMT" time="8.393" errors="0">
  <testcase name="amazon" time="8.393" classname="com.orgtest.AmazonTest"/>
</testsuite> <!-- com.orgtest.AmazonTest -->
