<?xml version="1.0" encoding="UTF-8"?>
<!-- Generated by org.testng.reporters.JUnitReportReporter -->
<testsuite hostname="DESKTOP-VUAPF35" failures="0" tests="1" name="com.orgtest.FlipcartTest" time="21.479" errors="0" timestamp="2022-03-11T09:19:06 EST" skipped="0">
  <testcase classname="com.orgtest.FlipcartTest" name="ecomerce" time="21.479"/>
  <system-out/>
</testsuite> <!-- com.orgtest.FlipcartTest -->
