<?xml version="1.0" encoding="UTF-8"?>
<!-- Generated by org.testng.reporters.JUnitReportReporter -->
<testsuite hostname="DESKTOP-VUAPF35" failures="0" tests="1" name="com.orgtest.FacebookTest" time="3.488" errors="0" timestamp="11 Mar 2022 14:19:53 GMT" skipped="0">
  <testcase classname="com.orgtest.FacebookTest" name="facebook" time="3.488"/>
</testsuite> <!-- com.orgtest.FacebookTest -->
