<?xml version="1.0" encoding="UTF-8"?>
<!-- Generated by org.testng.reporters.JUnitReportReporter -->
<testsuite skipped="0" hostname="DESKTOP-RUD9UKL" name="com.orgtest.FlipcartTest" tests="1" failures="0" timestamp="07 Mar 2022 01:12:28 GMT" time="8.574" errors="0">
  <testcase name="ecomerce" time="8.574" classname="com.orgtest.FlipcartTest"/>
</testsuite> <!-- com.orgtest.FlipcartTest -->
