<?xml version="1.0" encoding="UTF-8"?>
<!-- Generated by org.testng.reporters.JUnitReportReporter -->
<testsuite skipped="0" hostname="DESKTOP-RUD9UKL" name="com.orgtest.FacebookTest" tests="1" failures="0" timestamp="05 Mar 2022 14:47:46 GMT" time="5.898" errors="0">
  <testcase name="facebook" time="5.898" classname="com.orgtest.FacebookTest"/>
</testsuite> <!-- com.orgtest.FacebookTest -->
