<?xml version="1.0" encoding="UTF-8"?>
<!-- Generated by org.testng.reporters.JUnitReportReporter -->
<testsuite hostname="DESKTOP-VUAPF35" failures="0" tests="1" name="com.orgtest.FlipcartTest" time="12.302" errors="0" timestamp="11 Mar 2022 14:19:53 GMT" skipped="0">
  <testcase classname="com.orgtest.FlipcartTest" name="ecomerce" time="12.302"/>
</testsuite> <!-- com.orgtest.FlipcartTest -->
