<?xml version="1.0" encoding="UTF-8"?>
<!-- Generated by org.testng.reporters.JUnitReportReporter -->
<testsuite skipped="0" hostname="DESKTOP-85O4IHO" name="com.orgtest.FlipcartTest" tests="1" failures="0" timestamp="10 Mar 2022 01:31:00 GMT" time="8.302" errors="0">
  <testcase name="ecomerce" time="8.302" classname="com.orgtest.FlipcartTest"/>
</testsuite> <!-- com.orgtest.FlipcartTest -->
